<?xml version="1.0" encoding="UTF-8"?>
<testsuite xmlns:xsi="http://www.w3.org/2001/XMLSchema-instance" xsi:noNamespaceSchemaLocation="https://maven.apache.org/surefire/maven-surefire-plugin/xsd/surefire-test-report-3.0.xsd" version="3.0" name="org.hibernate.community.dialect.HibernateUtilTest" time="1.521" tests="5" errors="1" skipped="4" failures="0">
  <properties>
[...]
</properties>
  <testcase name="testGet" classname="org.hibernate.community.dialect.HibernateUtilTest" time="0">
    <skipped message="public void org.hibernate.community.dialect.HibernateUtilTest.testGet() is @Disabled"/>
    <system-out><![CDATA[SessionFactory created at BeforeAll
]]></system-out>
    <system-err><![CDATA[Oct 29, 2024 11:37:10 AM org.hibernate.Version logVersion
INFO: HHH000412: Hibernate ORM core version 6.5.3.Final
Oct 29, 2024 11:37:10 AM org.hibernate.cache.internal.RegionFactoryInitiator initiateService
INFO: HHH000026: Second-level cache disabled
Oct 29, 2024 11:37:10 AM org.hibernate.engine.jdbc.connections.internal.DriverManagerConnectionProviderImpl configure
WARN: HHH10001002: Using built-in connection pool (not intended for production use)
Oct 29, 2024 11:37:10 AM org.hibernate.engine.jdbc.connections.internal.DriverManagerConnectionProviderImpl buildCreator
INFO: HHH10001005: Loaded JDBC driver class: com.filemaker.jdbc.Driver
Oct 29, 2024 11:37:10 AM org.hibernate.engine.jdbc.connections.internal.DriverManagerConnectionProviderImpl buildCreator
INFO: HHH10001012: Connecting with JDBC URL [jdbc:filemaker://192.168.0.24/Contacts]
Oct 29, 2024 11:37:10 AM org.hibernate.engine.jdbc.connections.internal.DriverManagerConnectionProviderImpl buildCreator
INFO: HHH10001001: Connection properties: {password=****, user=admin}
Oct 29, 2024 11:37:10 AM org.hibernate.engine.jdbc.connections.internal.DriverManagerConnectionProviderImpl buildCreator
INFO: HHH10001003: Autocommit mode: false
Oct 29, 2024 11:37:10 AM org.hibernate.engine.jdbc.connections.internal.DriverManagerConnectionProviderImpl$PooledConnections <init>
INFO: HHH10001115: Connection pool size: 20 (min=1)
]]></system-err>
  </testcase>
  <testcase name="testList" classname="org.hibernate.community.dialect.HibernateUtilTest" time="0">
    <skipped message="public void org.hibernate.community.dialect.HibernateUtilTest.testList() is @Disabled"/>
  </testcase>
  <testcase name="testCreate" classname="org.hibernate.community.dialect.HibernateUtilTest" time="0.079">
    <error type="java.lang.NullPointerException"><![CDATA[java.lang.NullPointerException: Cannot invoke "java.lang.Long.longValue()" because "id" is null
	at org.hibernate.community.dialect.HibernateUtilTest.testCreate(HibernateUtilTest.java:71)
]]></error>
    <system-out><![CDATA[Session created
Running testCreate...
flag 1
flag 2
flag 3
Hibernate: insert into contact (email,name) values (?,?)
flag 4
flag 5
Created ID: null
Session closed

]]></system-out>
    <system-err><![CDATA[Error persisting contact: class com.filemaker.jdbc3.J3Statement cannot be cast to class java.sql.PreparedStatement (com.filemaker.jdbc3.J3Statement is in unnamed module of loader 'app'; java.sql.PreparedStatement is in module java.sql of loader 'platform')
]]></system-err>
  </testcase>
  <testcase name="testDelete" classname="org.hibernate.community.dialect.HibernateUtilTest" time="0">
    <skipped message="public void org.hibernate.community.dialect.HibernateUtilTest.testDelete() is @Disabled"/>
  </testcase>
  <testcase name="testUpdate" classname="org.hibernate.community.dialect.HibernateUtilTest" time="0">
    <skipped message="public void org.hibernate.community.dialect.HibernateUtilTest.testUpdate() is @Disabled"/>
  </testcase>
</testsuite>