<?xml version="1.0" encoding="UTF-8" ?>
<testsuite tests="1" failures="1" name="com.filemaker.hibernate.dialect.FileMakerDialectTest" time="6.095" errors="0" skipped="0">
  <properties>
[...]
</properties>
  <testcase classname="com.filemaker.hibernate.dialect.FileMakerDialectTest" name="com.filemaker.hibernate.dialect.FileMakerDialectTest.testBasicCRUDOperations" time="6.095">
    <failure message="Session is null. Cannot perform operations." type="java.lang.IllegalStateException">java.lang.IllegalStateException: Session is null. Cannot perform operations.
	at com.filemaker.hibernate.dialect.FileMakerDialectTest.testBasicCRUDOperations(FileMakerDialectTest.java:88)
</failure>
    <system-out>

Setting up session factory...


Session factory initialized: true
</system-out>
    <system-err>Oct 24, 2024 6:56:37 PM org.hibernate.Version logVersion
INFO: HHH000412: Hibernate ORM core version 6.4.2.Final
Oct 24, 2024 6:56:38 PM org.hibernate.cache.internal.RegionFactoryInitiator initiateService
INFO: HHH000026: Second-level cache disabled
Oct 24, 2024 6:56:39 PM org.hibernate.engine.jdbc.connections.internal.DriverManagerConnectionProviderImpl configure
WARN: HHH10001002: Using built-in connection pool (not intended for production use)
Oct 24, 2024 6:56:39 PM org.hibernate.engine.jdbc.connections.internal.DriverManagerConnectionProviderImpl buildCreator
INFO: HHH10001005: Loaded JDBC driver class: com.filemaker.jdbc.Driver
Oct 24, 2024 6:56:39 PM org.hibernate.engine.jdbc.connections.internal.DriverManagerConnectionProviderImpl buildCreator
INFO: HHH10001012: Connecting with JDBC URL [jdbc:filemaker://192.168.0.24/Contacts]
Oct 24, 2024 6:56:39 PM org.hibernate.engine.jdbc.connections.internal.DriverManagerConnectionProviderImpl buildCreator
INFO: HHH10001001: Connection properties: {initial_pool_size=1, pool_validation_interval=30, password=****, autocommit=false, min_pool_size=1, user=admin}
Oct 24, 2024 6:56:39 PM org.hibernate.engine.jdbc.connections.internal.DriverManagerConnectionProviderImpl buildCreator
INFO: HHH10001003: Autocommit mode: false
Oct 24, 2024 6:56:39 PM org.hibernate.engine.jdbc.connections.internal.DriverManagerConnectionProviderImpl$PooledConnections &lt;init&gt;
INFO: HHH10001115: Connection pool size: 5 (min=1)
Oct 24, 2024 6:56:43 PM org.hibernate.engine.transaction.jta.platform.internal.JtaPlatformInitiator initiateService
INFO: HHH000489: No JTA platform available (set &apos;hibernate.transaction.jta.platform&apos; to enable JTA platform integration)
</system-err>
  </testcase>
</testsuite>