<?xml version="1.0" encoding="UTF-8"?>
<testsuite xmlns:xsi="http://www.w3.org/2001/XMLSchema-instance" xsi:noNamespaceSchemaLocation="https://maven.apache.org/surefire/maven-surefire-plugin/xsd/surefire-test-report-3.0.xsd" version="3.0" name="es.ntwk.filemaker.hibernate.dialect.test.HibernateUtilTest" time="2.305" tests="11" errors="1" skipped="8" failures="0">
  <properties>
[...]
</properties>
  <testcase name="testJdbcDriverVersion" classname="es.ntwk.filemaker.hibernate.dialect.test.HibernateUtilTest" time="0.063">
    <system-out><![CDATA[DEBUG StatusConsoleListener Apache Log4j Core 2.20 initializing configuration XmlConfiguration[location=/Volumes/DATA00/HOME/Documents/WORK/GITHUB/FileMakerHibernate/target/classes/log4j2.xml]
DEBUG StatusConsoleListener PluginManager 'Core' found 130 plugins
DEBUG StatusConsoleListener PluginManager 'Level' found 0 plugins
DEBUG StatusConsoleListener PluginManager 'Lookup' found 16 plugins
DEBUG StatusConsoleListener Building Plugin[name=layout, class=org.apache.logging.log4j.core.layout.PatternLayout].
DEBUG StatusConsoleListener PluginManager 'TypeConverter' found 26 plugins
DEBUG StatusConsoleListener PatternLayout$Builder(pattern="%d{yyyy-MM-dd HH:mm:ss} %-5p %c{1} - %m%n", PatternSelector=null, Configuration(/Volumes/DATA00/HOME/Documents/WORK/GITHUB/FileMakerHibernate/target/classes/log4j2.xml), Replace=null, charset="null", alwaysWriteExceptions="null", disableAnsi="null", noConsoleNoAnsi="null", header="null", footer="null")
DEBUG StatusConsoleListener PluginManager 'Converter' found 45 plugins
DEBUG StatusConsoleListener Building Plugin[name=appender, class=org.apache.logging.log4j.core.appender.ConsoleAppender].
DEBUG StatusConsoleListener ConsoleAppender$Builder(target="SYSTEM_OUT", follow="null", direct="null", bufferedIo="null", bufferSize="null", immediateFlush="null", ignoreExceptions="null", PatternLayout(%d{yyyy-MM-dd HH:mm:ss} %-5p %c{1} - %m%n), name="Console", Configuration(/Volumes/DATA00/HOME/Documents/WORK/GITHUB/FileMakerHibernate/target/classes/log4j2.xml), Filter=null, ={})
DEBUG StatusConsoleListener Starting OutputStreamManager SYSTEM_OUT.false.false
DEBUG StatusConsoleListener Building Plugin[name=layout, class=org.apache.logging.log4j.core.layout.PatternLayout].
DEBUG StatusConsoleListener PatternLayout$Builder(pattern="%d{yyyy-MM-dd HH:mm:ss} %-5p %c{1} - %m%n", PatternSelector=null, Configuration(/Volumes/DATA00/HOME/Documents/WORK/GITHUB/FileMakerHibernate/target/classes/log4j2.xml), Replace=null, charset="null", alwaysWriteExceptions="null", disableAnsi="null", noConsoleNoAnsi="null", header="null", footer="null")
DEBUG StatusConsoleListener Building Plugin[name=appender, class=org.apache.logging.log4j.core.appender.FileAppender].
DEBUG StatusConsoleListener FileAppender$Builder(fileName="logs/app.log", append="true", locking="null", advertise="null", advertiseUri="null", createOnDemand="null", filePermissions="null", fileOwner="null", fileGroup="null", bufferedIo="null", bufferSize="null", immediateFlush="null", ignoreExceptions="null", PatternLayout(%d{yyyy-MM-dd HH:mm:ss} %-5p %c{1} - %m%n), name="FileLogger", Configuration(/Volumes/DATA00/HOME/Documents/WORK/GITHUB/FileMakerHibernate/target/classes/log4j2.xml), Filter=null, ={})
DEBUG StatusConsoleListener Starting FileManager logs/app.log
DEBUG StatusConsoleListener Building Plugin[name=appenders, class=org.apache.logging.log4j.core.config.AppendersPlugin].
DEBUG StatusConsoleListener createAppenders(={Console, FileLogger})
DEBUG StatusConsoleListener Building Plugin[name=AppenderRef, class=org.apache.logging.log4j.core.config.AppenderRef].
DEBUG StatusConsoleListener createAppenderRef(ref="Console", level="null", Filter=null)
DEBUG StatusConsoleListener Building Plugin[name=AppenderRef, class=org.apache.logging.log4j.core.config.AppenderRef].
DEBUG StatusConsoleListener createAppenderRef(ref="FileLogger", level="null", Filter=null)
DEBUG StatusConsoleListener Building Plugin[name=root, class=org.apache.logging.log4j.core.config.LoggerConfig$RootLogger].
DEBUG StatusConsoleListener LoggerConfig$RootLogger$Builder(additivity="null", level="INFO", levelAndRefs="null", includeLocation="null", ={Console, FileLogger}, ={}, Configuration(/Volumes/DATA00/HOME/Documents/WORK/GITHUB/FileMakerHibernate/target/classes/log4j2.xml), Filter=null)
DEBUG StatusConsoleListener Building Plugin[name=AppenderRef, class=org.apache.logging.log4j.core.config.AppenderRef].
DEBUG StatusConsoleListener createAppenderRef(ref="Console", level="null", Filter=null)
DEBUG StatusConsoleListener Building Plugin[name=AppenderRef, class=org.apache.logging.log4j.core.config.AppenderRef].
DEBUG StatusConsoleListener createAppenderRef(ref="FileLogger", level="null", Filter=null)
DEBUG StatusConsoleListener Building Plugin[name=logger, class=org.apache.logging.log4j.core.config.LoggerConfig].
DEBUG StatusConsoleListener LoggerConfig$Builder(additivity="false", level="DEBUG", levelAndRefs="null", name="org.hibernate.SQL", includeLocation="null", ={Console, FileLogger}, ={}, Configuration(/Volumes/DATA00/HOME/Documents/WORK/GITHUB/FileMakerHibernate/target/classes/log4j2.xml), Filter=null)
DEBUG StatusConsoleListener Building Plugin[name=AppenderRef, class=org.apache.logging.log4j.core.config.AppenderRef].
DEBUG StatusConsoleListener createAppenderRef(ref="FileLogger", level="null", Filter=null)
DEBUG StatusConsoleListener Building Plugin[name=AppenderRef, class=org.apache.logging.log4j.core.config.AppenderRef].
DEBUG StatusConsoleListener createAppenderRef(ref="Console", level="null", Filter=null)
DEBUG StatusConsoleListener Building Plugin[name=logger, class=org.apache.logging.log4j.core.config.LoggerConfig].
DEBUG StatusConsoleListener LoggerConfig$Builder(additivity="false", level="TRACE", levelAndRefs="null", name="org.hibernate.type.descriptor.sql.BasicBinder", includeLocation="null", ={FileLogger, Console}, ={}, Configuration(/Volumes/DATA00/HOME/Documents/WORK/GITHUB/FileMakerHibernate/target/classes/log4j2.xml), Filter=null)
DEBUG StatusConsoleListener Building Plugin[name=AppenderRef, class=org.apache.logging.log4j.core.config.AppenderRef].
DEBUG StatusConsoleListener createAppenderRef(ref="FileLogger", level="null", Filter=null)
DEBUG StatusConsoleListener Building Plugin[name=AppenderRef, class=org.apache.logging.log4j.core.config.AppenderRef].
DEBUG StatusConsoleListener createAppenderRef(ref="Console", level="null", Filter=null)
DEBUG StatusConsoleListener Building Plugin[name=logger, class=org.apache.logging.log4j.core.config.LoggerConfig].
DEBUG StatusConsoleListener LoggerConfig$Builder(additivity="false", level="TRACE", levelAndRefs="null", name="org.hibernate.SQL", includeLocation="null", ={FileLogger, Console}, ={}, Configuration(/Volumes/DATA00/HOME/Documents/WORK/GITHUB/FileMakerHibernate/target/classes/log4j2.xml), Filter=null)
DEBUG StatusConsoleListener Building Plugin[name=AppenderRef, class=org.apache.logging.log4j.core.config.AppenderRef].
DEBUG StatusConsoleListener createAppenderRef(ref="FileLogger", level="null", Filter=null)
DEBUG StatusConsoleListener Building Plugin[name=AppenderRef, class=org.apache.logging.log4j.core.config.AppenderRef].
DEBUG StatusConsoleListener createAppenderRef(ref="Console", level="null", Filter=null)
DEBUG StatusConsoleListener Building Plugin[name=logger, class=org.apache.logging.log4j.core.config.LoggerConfig].
DEBUG StatusConsoleListener LoggerConfig$Builder(additivity="false", level="TRACE", levelAndRefs="null", name="org.hibernate.type", includeLocation="null", ={FileLogger, Console}, ={}, Configuration(/Volumes/DATA00/HOME/Documents/WORK/GITHUB/FileMakerHibernate/target/classes/log4j2.xml), Filter=null)
DEBUG StatusConsoleListener Building Plugin[name=AppenderRef, class=org.apache.logging.log4j.core.config.AppenderRef].
DEBUG StatusConsoleListener createAppenderRef(ref="FileLogger", level="null", Filter=null)
DEBUG StatusConsoleListener Building Plugin[name=AppenderRef, class=org.apache.logging.log4j.core.config.AppenderRef].
DEBUG StatusConsoleListener createAppenderRef(ref="Console", level="null", Filter=null)
DEBUG StatusConsoleListener Building Plugin[name=logger, class=org.apache.logging.log4j.core.config.LoggerConfig].
DEBUG StatusConsoleListener LoggerConfig$Builder(additivity="false", level="TRACE", levelAndRefs="null", name="org.hibernate.persister.entity", includeLocation="null", ={FileLogger, Console}, ={}, Configuration(/Volumes/DATA00/HOME/Documents/WORK/GITHUB/FileMakerHibernate/target/classes/log4j2.xml), Filter=null)
DEBUG StatusConsoleListener Building Plugin[name=AppenderRef, class=org.apache.logging.log4j.core.config.AppenderRef].
DEBUG StatusConsoleListener createAppenderRef(ref="FileLogger", level="null", Filter=null)
DEBUG StatusConsoleListener Building Plugin[name=AppenderRef, class=org.apache.logging.log4j.core.config.AppenderRef].
DEBUG StatusConsoleListener createAppenderRef(ref="Console", level="null", Filter=null)
DEBUG StatusConsoleListener Building Plugin[name=logger, class=org.apache.logging.log4j.core.config.LoggerConfig].
DEBUG StatusConsoleListener LoggerConfig$Builder(additivity="false", level="TRACE", levelAndRefs="null", name="org.hibernate.orm.jdbc.bind", includeLocation="null", ={FileLogger, Console}, ={}, Configuration(/Volumes/DATA00/HOME/Documents/WORK/GITHUB/FileMakerHibernate/target/classes/log4j2.xml), Filter=null)
DEBUG StatusConsoleListener Building Plugin[name=AppenderRef, class=org.apache.logging.log4j.core.config.AppenderRef].
DEBUG StatusConsoleListener createAppenderRef(ref="Console", level="null", Filter=null)
DEBUG StatusConsoleListener Building Plugin[name=AppenderRef, class=org.apache.logging.log4j.core.config.AppenderRef].
DEBUG StatusConsoleListener createAppenderRef(ref="FileLogger", level="null", Filter=null)
DEBUG StatusConsoleListener Building Plugin[name=logger, class=org.apache.logging.log4j.core.config.LoggerConfig].
DEBUG StatusConsoleListener LoggerConfig$Builder(additivity="false", level="TRACE", levelAndRefs="null", name="es.ntwk.filemaker.hibernate.dialect.pagination", includeLocation="null", ={Console, FileLogger}, ={}, Configuration(/Volumes/DATA00/HOME/Documents/WORK/GITHUB/FileMakerHibernate/target/classes/log4j2.xml), Filter=null)
DEBUG StatusConsoleListener Building Plugin[name=AppenderRef, class=org.apache.logging.log4j.core.config.AppenderRef].
DEBUG StatusConsoleListener createAppenderRef(ref="Console", level="null", Filter=null)
DEBUG StatusConsoleListener Building Plugin[name=AppenderRef, class=org.apache.logging.log4j.core.config.AppenderRef].
DEBUG StatusConsoleListener createAppenderRef(ref="FileLogger", level="null", Filter=null)
DEBUG StatusConsoleListener Building Plugin[name=logger, class=org.apache.logging.log4j.core.config.LoggerConfig].
DEBUG StatusConsoleListener LoggerConfig$Builder(additivity="false", level="TRACE", levelAndRefs="null", name="es.ntwk.filemaker.hibernate.dialect.identity", includeLocation="null", ={Console, FileLogger}, ={}, Configuration(/Volumes/DATA00/HOME/Documents/WORK/GITHUB/FileMakerHibernate/target/classes/log4j2.xml), Filter=null)
DEBUG StatusConsoleListener Building Plugin[name=AppenderRef, class=org.apache.logging.log4j.core.config.AppenderRef].
DEBUG StatusConsoleListener createAppenderRef(ref="Console", level="null", Filter=null)
DEBUG StatusConsoleListener Building Plugin[name=AppenderRef, class=org.apache.logging.log4j.core.config.AppenderRef].
DEBUG StatusConsoleListener createAppenderRef(ref="FileLogger", level="null", Filter=null)
DEBUG StatusConsoleListener Building Plugin[name=logger, class=org.apache.logging.log4j.core.config.LoggerConfig].
DEBUG StatusConsoleListener LoggerConfig$Builder(additivity="false", level="TRACE", levelAndRefs="null", name="es.ntwk.filemaker.hibernate.dialect", includeLocation="null", ={Console, FileLogger}, ={}, Configuration(/Volumes/DATA00/HOME/Documents/WORK/GITHUB/FileMakerHibernate/target/classes/log4j2.xml), Filter=null)
DEBUG StatusConsoleListener Building Plugin[name=loggers, class=org.apache.logging.log4j.core.config.LoggersPlugin].
DEBUG StatusConsoleListener createLoggers(={root, org.hibernate.SQL, org.hibernate.type.descriptor.sql.BasicBinder, org.hibernate.SQL, org.hibernate.type, org.hibernate.persister.entity, org.hibernate.orm.jdbc.bind, es.ntwk.filemaker.hibernate.dialect.pagination, es.ntwk.filemaker.hibernate.dialect.identity, es.ntwk.filemaker.hibernate.dialect})
DEBUG StatusConsoleListener Configuration XmlConfiguration[location=/Volumes/DATA00/HOME/Documents/WORK/GITHUB/FileMakerHibernate/target/classes/log4j2.xml] initialized
DEBUG StatusConsoleListener Starting configuration XmlConfiguration[location=/Volumes/DATA00/HOME/Documents/WORK/GITHUB/FileMakerHibernate/target/classes/log4j2.xml]
DEBUG StatusConsoleListener Started configuration XmlConfiguration[location=/Volumes/DATA00/HOME/Documents/WORK/GITHUB/FileMakerHibernate/target/classes/log4j2.xml] OK.
DEBUG StatusConsoleListener Shutting down OutputStreamManager SYSTEM_OUT.false.false-1
DEBUG StatusConsoleListener OutputStream closed
DEBUG StatusConsoleListener Shut down OutputStreamManager SYSTEM_OUT.false.false-1, all resources released: true
DEBUG StatusConsoleListener Appender DefaultConsole-1 stopped with status true
DEBUG StatusConsoleListener Stopped org.apache.logging.log4j.core.config.DefaultConfiguration@6581dc0a OK
DEBUG StatusConsoleListener Registering MBean org.apache.logging.log4j2:type=63c12fb0
DEBUG StatusConsoleListener Registering MBean org.apache.logging.log4j2:type=63c12fb0,component=StatusLogger
DEBUG StatusConsoleListener Registering MBean org.apache.logging.log4j2:type=63c12fb0,component=ContextSelector
DEBUG StatusConsoleListener Registering MBean org.apache.logging.log4j2:type=63c12fb0,component=Loggers,name=
DEBUG StatusConsoleListener Registering MBean org.apache.logging.log4j2:type=63c12fb0,component=Loggers,name=org.hibernate.persister.entity
DEBUG StatusConsoleListener Registering MBean org.apache.logging.log4j2:type=63c12fb0,component=Loggers,name=es.ntwk.filemaker.hibernate.dialect.pagination
DEBUG StatusConsoleListener Registering MBean org.apache.logging.log4j2:type=63c12fb0,component=Loggers,name=org.hibernate.SQL
DEBUG StatusConsoleListener Registering MBean org.apache.logging.log4j2:type=63c12fb0,component=Loggers,name=org.hibernate.type.descriptor.sql.BasicBinder
DEBUG StatusConsoleListener Registering MBean org.apache.logging.log4j2:type=63c12fb0,component=Loggers,name=org.hibernate.orm.jdbc.bind
DEBUG StatusConsoleListener Registering MBean org.apache.logging.log4j2:type=63c12fb0,component=Loggers,name=es.ntwk.filemaker.hibernate.dialect.identity
DEBUG StatusConsoleListener Registering MBean org.apache.logging.log4j2:type=63c12fb0,component=Loggers,name=es.ntwk.filemaker.hibernate.dialect
DEBUG StatusConsoleListener Registering MBean org.apache.logging.log4j2:type=63c12fb0,component=Loggers,name=org.hibernate.type
DEBUG StatusConsoleListener Registering MBean org.apache.logging.log4j2:type=63c12fb0,component=Appenders,name=Console
DEBUG StatusConsoleListener Registering MBean org.apache.logging.log4j2:type=63c12fb0,component=Appenders,name=FileLogger
DEBUG StatusConsoleListener org.apache.logging.log4j.core.util.SystemClock supports precise timestamps.
DEBUG StatusConsoleListener Reconfiguration complete for context[name=63c12fb0] at URI /Volumes/DATA00/HOME/Documents/WORK/GITHUB/FileMakerHibernate/target/classes/log4j2.xml (org.apache.logging.log4j.core.LoggerContext@664a9613) with optional ClassLoader: null
DEBUG StatusConsoleListener Shutdown hook enabled. Registering a new one.
DEBUG StatusConsoleListener LoggerContext[name=63c12fb0, org.apache.logging.log4j.core.LoggerContext@664a9613] started OK.
2024-11-22 19:22:36 INFO  HibernateUtil - Starting SessionFactory creation...
2024-11-22 19:22:36 INFO  Version - HHH000412: Hibernate ORM core version 6.5.3.Final
2024-11-22 19:22:37 INFO  RegionFactoryInitiator - HHH000026: Second-level cache disabled
2024-11-22 19:22:37 DEBUG BasicTypeRegistry - Adding type registration boolean -> org.hibernate.type.BasicTypeReference@6f4ade6e
2024-11-22 19:22:37 DEBUG BasicTypeRegistry - Adding type registration boolean -> org.hibernate.type.BasicTypeReference@6f4ade6e
2024-11-22 19:22:37 DEBUG BasicTypeRegistry - Adding type registration java.lang.Boolean -> org.hibernate.type.BasicTypeReference@6f4ade6e
2024-11-22 19:22:37 DEBUG BasicTypeRegistry - Adding type registration numeric_boolean -> org.hibernate.type.BasicTypeReference@39e43310
2024-11-22 19:22:37 DEBUG BasicTypeRegistry - Adding type registration org.hibernate.type.NumericBooleanConverter -> org.hibernate.type.BasicTypeReference@39e43310
2024-11-22 19:22:37 DEBUG BasicTypeRegistry - Adding type registration true_false -> org.hibernate.type.BasicTypeReference@eb507b9
2024-11-22 19:22:37 DEBUG BasicTypeRegistry - Adding type registration org.hibernate.type.TrueFalseConverter -> org.hibernate.type.BasicTypeReference@eb507b9
2024-11-22 19:22:37 DEBUG BasicTypeRegistry - Adding type registration yes_no -> org.hibernate.type.BasicTypeReference@390877d2
2024-11-22 19:22:37 DEBUG BasicTypeRegistry - Adding type registration org.hibernate.type.YesNoConverter -> org.hibernate.type.BasicTypeReference@390877d2
2024-11-22 19:22:37 DEBUG BasicTypeRegistry - Adding type registration byte -> org.hibernate.type.BasicTypeReference@86733
2024-11-22 19:22:37 DEBUG BasicTypeRegistry - Adding type registration byte -> org.hibernate.type.BasicTypeReference@86733
2024-11-22 19:22:37 DEBUG BasicTypeRegistry - Adding type registration java.lang.Byte -> org.hibernate.type.BasicTypeReference@86733
2024-11-22 19:22:37 DEBUG BasicTypeRegistry - Adding type registration binary -> org.hibernate.type.BasicTypeReference@186cb891
2024-11-22 19:22:37 DEBUG BasicTypeRegistry - Adding type registration byte[] -> org.hibernate.type.BasicTypeReference@186cb891
2024-11-22 19:22:37 DEBUG BasicTypeRegistry - Adding type registration [B -> org.hibernate.type.BasicTypeReference@186cb891
2024-11-22 19:22:37 DEBUG BasicTypeRegistry - Adding type registration binary_wrapper -> org.hibernate.type.BasicTypeReference@3ec2ecea
2024-11-22 19:22:37 DEBUG BasicTypeRegistry - Adding type registration wrapper-binary -> org.hibernate.type.BasicTypeReference@3ec2ecea
2024-11-22 19:22:37 DEBUG BasicTypeRegistry - Adding type registration image -> org.hibernate.type.BasicTypeReference@440eaa07
2024-11-22 19:22:37 DEBUG BasicTypeRegistry - Adding type registration blob -> org.hibernate.type.BasicTypeReference@7fc7c4a
2024-11-22 19:22:37 DEBUG BasicTypeRegistry - Adding type registration java.sql.Blob -> org.hibernate.type.BasicTypeReference@7fc7c4a
2024-11-22 19:22:37 DEBUG BasicTypeRegistry - Adding type registration materialized_blob -> org.hibernate.type.BasicTypeReference@7aa9e414
2024-11-22 19:22:37 DEBUG BasicTypeRegistry - Adding type registration materialized_blob_wrapper -> org.hibernate.type.BasicTypeReference@53a5e217
2024-11-22 19:22:37 DEBUG BasicTypeRegistry - Adding type registration short -> org.hibernate.type.BasicTypeReference@624a24f6
2024-11-22 19:22:37 DEBUG BasicTypeRegistry - Adding type registration short -> org.hibernate.type.BasicTypeReference@624a24f6
2024-11-22 19:22:37 DEBUG BasicTypeRegistry - Adding type registration java.lang.Short -> org.hibernate.type.BasicTypeReference@624a24f6
2024-11-22 19:22:37 DEBUG BasicTypeRegistry - Adding type registration integer -> org.hibernate.type.BasicTypeReference@6b00ad9
2024-11-22 19:22:37 DEBUG BasicTypeRegistry - Adding type registration int -> org.hibernate.type.BasicTypeReference@6b00ad9
2024-11-22 19:22:37 DEBUG BasicTypeRegistry - Adding type registration java.lang.Integer -> org.hibernate.type.BasicTypeReference@6b00ad9
2024-11-22 19:22:37 DEBUG BasicTypeRegistry - Adding type registration long -> org.hibernate.type.BasicTypeReference@338cc75f
2024-11-22 19:22:37 DEBUG BasicTypeRegistry - Adding type registration long -> org.hibernate.type.BasicTypeReference@338cc75f
2024-11-22 19:22:37 DEBUG BasicTypeRegistry - Adding type registration java.lang.Long -> org.hibernate.type.BasicTypeReference@338cc75f
2024-11-22 19:22:37 DEBUG BasicTypeRegistry - Adding type registration float -> org.hibernate.type.BasicTypeReference@4f453e63
2024-11-22 19:22:37 DEBUG BasicTypeRegistry - Adding type registration float -> org.hibernate.type.BasicTypeReference@4f453e63
2024-11-22 19:22:37 DEBUG BasicTypeRegistry - Adding type registration java.lang.Float -> org.hibernate.type.BasicTypeReference@4f453e63
2024-11-22 19:22:37 DEBUG BasicTypeRegistry - Adding type registration double -> org.hibernate.type.BasicTypeReference@7c9bdee9
2024-11-22 19:22:37 DEBUG BasicTypeRegistry - Adding type registration double -> org.hibernate.type.BasicTypeReference@7c9bdee9
2024-11-22 19:22:37 DEBUG BasicTypeRegistry - Adding type registration java.lang.Double -> org.hibernate.type.BasicTypeReference@7c9bdee9
2024-11-22 19:22:37 DEBUG BasicTypeRegistry - Adding type registration big_integer -> org.hibernate.type.BasicTypeReference@7afbf561
2024-11-22 19:22:37 DEBUG BasicTypeRegistry - Adding type registration java.math.BigInteger -> org.hibernate.type.BasicTypeReference@7afbf561
2024-11-22 19:22:37 DEBUG BasicTypeRegistry - Adding type registration big_decimal -> org.hibernate.type.BasicTypeReference@2f98635e
2024-11-22 19:22:37 DEBUG BasicTypeRegistry - Adding type registration java.math.BigDecimal -> org.hibernate.type.BasicTypeReference@2f98635e
2024-11-22 19:22:37 DEBUG BasicTypeRegistry - Adding type registration character -> org.hibernate.type.BasicTypeReference@49c8f6e8
2024-11-22 19:22:37 DEBUG BasicTypeRegistry - Adding type registration char -> org.hibernate.type.BasicTypeReference@49c8f6e8
2024-11-22 19:22:37 DEBUG BasicTypeRegistry - Adding type registration java.lang.Character -> org.hibernate.type.BasicTypeReference@49c8f6e8
2024-11-22 19:22:37 DEBUG BasicTypeRegistry - Adding type registration character_nchar -> org.hibernate.type.BasicTypeReference@6b0615ae
2024-11-22 19:22:37 DEBUG BasicTypeRegistry - Adding type registration string -> org.hibernate.type.BasicTypeReference@4e73b552
2024-11-22 19:22:37 DEBUG BasicTypeRegistry - Adding type registration java.lang.String -> org.hibernate.type.BasicTypeReference@4e73b552
2024-11-22 19:22:37 DEBUG BasicTypeRegistry - Adding type registration nstring -> org.hibernate.type.BasicTypeReference@221dad51
2024-11-22 19:22:37 DEBUG BasicTypeRegistry - Adding type registration characters -> org.hibernate.type.BasicTypeReference@2cec704c
2024-11-22 19:22:37 DEBUG BasicTypeRegistry - Adding type registration char[] -> org.hibernate.type.BasicTypeReference@2cec704c
2024-11-22 19:22:37 DEBUG BasicTypeRegistry - Adding type registration [C -> org.hibernate.type.BasicTypeReference@2cec704c
2024-11-22 19:22:37 DEBUG BasicTypeRegistry - Adding type registration wrapper-characters -> org.hibernate.type.BasicTypeReference@771cbb1a
2024-11-22 19:22:37 DEBUG BasicTypeRegistry - Adding type registration text -> org.hibernate.type.BasicTypeReference@2416498e
2024-11-22 19:22:37 DEBUG BasicTypeRegistry - Adding type registration ntext -> org.hibernate.type.BasicTypeReference@6b2e0f78
2024-11-22 19:22:37 DEBUG BasicTypeRegistry - Adding type registration clob -> org.hibernate.type.BasicTypeReference@240f6c41
2024-11-22 19:22:37 DEBUG BasicTypeRegistry - Adding type registration java.sql.Clob -> org.hibernate.type.BasicTypeReference@240f6c41
2024-11-22 19:22:37 DEBUG BasicTypeRegistry - Adding type registration nclob -> org.hibernate.type.BasicTypeReference@3659d7b1
2024-11-22 19:22:37 DEBUG BasicTypeRegistry - Adding type registration java.sql.NClob -> org.hibernate.type.BasicTypeReference@3659d7b1
2024-11-22 19:22:37 DEBUG BasicTypeRegistry - Adding type registration materialized_clob -> org.hibernate.type.BasicTypeReference@2015b2cd
2024-11-22 19:22:37 DEBUG BasicTypeRegistry - Adding type registration materialized_clob_char_array -> org.hibernate.type.BasicTypeReference@3bdb2c78
2024-11-22 19:22:37 DEBUG BasicTypeRegistry - Adding type registration materialized_clob_character_array -> org.hibernate.type.BasicTypeReference@64693226
2024-11-22 19:22:37 DEBUG BasicTypeRegistry - Adding type registration materialized_nclob -> org.hibernate.type.BasicTypeReference@1c758545
2024-11-22 19:22:37 DEBUG BasicTypeRegistry - Adding type registration materialized_nclob_character_array -> org.hibernate.type.BasicTypeReference@117bcfdc
2024-11-22 19:22:37 DEBUG BasicTypeRegistry - Adding type registration materialized_nclob_char_array -> org.hibernate.type.BasicTypeReference@73a19967
2024-11-22 19:22:37 DEBUG BasicTypeRegistry - Adding type registration Duration -> org.hibernate.type.BasicTypeReference@5e746d37
2024-11-22 19:22:37 DEBUG BasicTypeRegistry - Adding type registration java.time.Duration -> org.hibernate.type.BasicTypeReference@5e746d37
2024-11-22 19:22:37 DEBUG BasicTypeRegistry - Adding type registration LocalDateTime -> org.hibernate.type.BasicTypeReference@6e1b9411
2024-11-22 19:22:37 DEBUG BasicTypeRegistry - Adding type registration java.time.LocalDateTime -> org.hibernate.type.BasicTypeReference@6e1b9411
2024-11-22 19:22:37 DEBUG BasicTypeRegistry - Adding type registration LocalDate -> org.hibernate.type.BasicTypeReference@21d1b321
2024-11-22 19:22:37 DEBUG BasicTypeRegistry - Adding type registration java.time.LocalDate -> org.hibernate.type.BasicTypeReference@21d1b321
2024-11-22 19:22:37 DEBUG BasicTypeRegistry - Adding type registration LocalTime -> org.hibernate.type.BasicTypeReference@5ec46cdd
2024-11-22 19:22:37 DEBUG BasicTypeRegistry - Adding type registration java.time.LocalTime -> org.hibernate.type.BasicTypeReference@5ec46cdd
2024-11-22 19:22:37 DEBUG BasicTypeRegistry - Adding type registration OffsetDateTime -> org.hibernate.type.BasicTypeReference@2324bfe7
2024-11-22 19:22:37 DEBUG BasicTypeRegistry - Adding type registration java.time.OffsetDateTime -> org.hibernate.type.BasicTypeReference@2324bfe7
2024-11-22 19:22:37 DEBUG BasicTypeRegistry - Adding type registration OffsetDateTimeWithTimezone -> org.hibernate.type.BasicTypeReference@112d1c8e
2024-11-22 19:22:37 DEBUG BasicTypeRegistry - Adding type registration OffsetDateTimeWithoutTimezone -> org.hibernate.type.BasicTypeReference@3d49fd31
2024-11-22 19:22:37 DEBUG BasicTypeRegistry - Adding type registration OffsetTime -> org.hibernate.type.BasicTypeReference@4016ccc1
2024-11-22 19:22:37 DEBUG BasicTypeRegistry - Adding type registration java.time.OffsetTime -> org.hibernate.type.BasicTypeReference@4016ccc1
2024-11-22 19:22:37 DEBUG BasicTypeRegistry - Adding type registration OffsetTimeUtc -> org.hibernate.type.BasicTypeReference@46cb98a3
2024-11-22 19:22:37 DEBUG BasicTypeRegistry - Adding type registration OffsetTimeWithTimezone -> org.hibernate.type.BasicTypeReference@3ffb3598
2024-11-22 19:22:37 DEBUG BasicTypeRegistry - Adding type registration OffsetTimeWithoutTimezone -> org.hibernate.type.BasicTypeReference@4da9f723
2024-11-22 19:22:37 DEBUG BasicTypeRegistry - Adding type registration ZonedDateTime -> org.hibernate.type.BasicTypeReference@3b2f4a93
2024-11-22 19:22:37 DEBUG BasicTypeRegistry - Adding type registration java.time.ZonedDateTime -> org.hibernate.type.BasicTypeReference@3b2f4a93
2024-11-22 19:22:37 DEBUG BasicTypeRegistry - Adding type registration ZonedDateTimeWithTimezone -> org.hibernate.type.BasicTypeReference@213bd3d5
2024-11-22 19:22:37 DEBUG BasicTypeRegistry - Adding type registration ZonedDateTimeWithoutTimezone -> org.hibernate.type.BasicTypeReference@470a659f
2024-11-22 19:22:37 DEBUG BasicTypeRegistry - Adding type registration date -> org.hibernate.type.BasicTypeReference@451882b2
2024-11-22 19:22:37 DEBUG BasicTypeRegistry - Adding type registration java.sql.Date -> org.hibernate.type.BasicTypeReference@451882b2
2024-11-22 19:22:37 DEBUG BasicTypeRegistry - Adding type registration time -> org.hibernate.type.BasicTypeReference@4a23350
2024-11-22 19:22:37 DEBUG BasicTypeRegistry - Adding type registration java.sql.Time -> org.hibernate.type.BasicTypeReference@4a23350
2024-11-22 19:22:37 DEBUG BasicTypeRegistry - Adding type registration timestamp -> org.hibernate.type.BasicTypeReference@7b78ed6a
2024-11-22 19:22:37 DEBUG BasicTypeRegistry - Adding type registration java.sql.Timestamp -> org.hibernate.type.BasicTypeReference@7b78ed6a
2024-11-22 19:22:37 DEBUG BasicTypeRegistry - Adding type registration java.util.Date -> org.hibernate.type.BasicTypeReference@7b78ed6a
2024-11-22 19:22:37 DEBUG BasicTypeRegistry - Adding type registration calendar -> org.hibernate.type.BasicTypeReference@6fca5907
2024-11-22 19:22:37 DEBUG BasicTypeRegistry - Adding type registration java.util.Calendar -> org.hibernate.type.BasicTypeReference@6fca5907
2024-11-22 19:22:37 DEBUG BasicTypeRegistry - Adding type registration java.util.GregorianCalendar -> org.hibernate.type.BasicTypeReference@6fca5907
2024-11-22 19:22:37 DEBUG BasicTypeRegistry - Adding type registration calendar_date -> org.hibernate.type.BasicTypeReference@6ec65b5e
2024-11-22 19:22:37 DEBUG BasicTypeRegistry - Adding type registration calendar_time -> org.hibernate.type.BasicTypeReference@7bebcd65
2024-11-22 19:22:37 DEBUG BasicTypeRegistry - Adding type registration instant -> org.hibernate.type.BasicTypeReference@47447ccf
2024-11-22 19:22:37 DEBUG BasicTypeRegistry - Adding type registration java.time.Instant -> org.hibernate.type.BasicTypeReference@47447ccf
2024-11-22 19:22:37 DEBUG BasicTypeRegistry - Adding type registration uuid -> org.hibernate.type.BasicTypeReference@7afb1741
2024-11-22 19:22:37 DEBUG BasicTypeRegistry - Adding type registration java.util.UUID -> org.hibernate.type.BasicTypeReference@7afb1741
2024-11-22 19:22:37 DEBUG BasicTypeRegistry - Adding type registration pg-uuid -> org.hibernate.type.BasicTypeReference@7afb1741
2024-11-22 19:22:37 DEBUG BasicTypeRegistry - Adding type registration uuid-binary -> org.hibernate.type.BasicTypeReference@263bbfeb
2024-11-22 19:22:37 DEBUG BasicTypeRegistry - Adding type registration uuid-char -> org.hibernate.type.BasicTypeReference@31edeac
2024-11-22 19:22:37 DEBUG BasicTypeRegistry - Adding type registration class -> org.hibernate.type.BasicTypeReference@67d86804
2024-11-22 19:22:37 DEBUG BasicTypeRegistry - Adding type registration java.lang.Class -> org.hibernate.type.BasicTypeReference@67d86804
2024-11-22 19:22:37 DEBUG BasicTypeRegistry - Adding type registration currency -> org.hibernate.type.BasicTypeReference@45bb2aa1
2024-11-22 19:22:37 DEBUG BasicTypeRegistry - Adding type registration Currency -> org.hibernate.type.BasicTypeReference@45bb2aa1
2024-11-22 19:22:37 DEBUG BasicTypeRegistry - Adding type registration java.util.Currency -> org.hibernate.type.BasicTypeReference@45bb2aa1
2024-11-22 19:22:37 DEBUG BasicTypeRegistry - Adding type registration locale -> org.hibernate.type.BasicTypeReference@3e84111a
2024-11-22 19:22:37 DEBUG BasicTypeRegistry - Adding type registration java.util.Locale -> org.hibernate.type.BasicTypeReference@3e84111a
2024-11-22 19:22:37 DEBUG BasicTypeRegistry - Adding type registration serializable -> org.hibernate.type.BasicTypeReference@4b1a43d8
2024-11-22 19:22:37 DEBUG BasicTypeRegistry - Adding type registration java.io.Serializable -> org.hibernate.type.BasicTypeReference@4b1a43d8
2024-11-22 19:22:37 DEBUG BasicTypeRegistry - Adding type registration timezone -> org.hibernate.type.BasicTypeReference@6fa69af7
2024-11-22 19:22:37 DEBUG BasicTypeRegistry - Adding type registration java.util.TimeZone -> org.hibernate.type.BasicTypeReference@6fa69af7
2024-11-22 19:22:37 DEBUG BasicTypeRegistry - Adding type registration ZoneOffset -> org.hibernate.type.BasicTypeReference@73545b80
2024-11-22 19:22:37 DEBUG BasicTypeRegistry - Adding type registration java.time.ZoneOffset -> org.hibernate.type.BasicTypeReference@73545b80
2024-11-22 19:22:37 DEBUG BasicTypeRegistry - Adding type registration url -> org.hibernate.type.BasicTypeReference@6d469831
2024-11-22 19:22:37 DEBUG BasicTypeRegistry - Adding type registration java.net.URL -> org.hibernate.type.BasicTypeReference@6d469831
2024-11-22 19:22:37 DEBUG BasicTypeRegistry - Adding type registration vector -> org.hibernate.type.BasicTypeReference@74db12c2
2024-11-22 19:22:37 DEBUG BasicTypeRegistry - Adding type registration row_version -> org.hibernate.type.BasicTypeReference@2ff15f8c
2024-11-22 19:22:37 DEBUG BasicTypeRegistry - Adding type registration object -> org.hibernate.type.JavaObjectType@6c575325
2024-11-22 19:22:37 DEBUG BasicTypeRegistry - Adding type registration java.lang.Object -> org.hibernate.type.JavaObjectType@6c575325
2024-11-22 19:22:37 DEBUG BasicTypeRegistry - Adding type registration null -> org.hibernate.type.NullType@1ff55ff
2024-11-22 19:22:37 DEBUG BasicTypeRegistry - Adding type registration imm_date -> org.hibernate.type.BasicTypeReference@351f2244
2024-11-22 19:22:37 DEBUG BasicTypeRegistry - Adding type registration imm_time -> org.hibernate.type.BasicTypeReference@5496c165
2024-11-22 19:22:37 DEBUG BasicTypeRegistry - Adding type registration imm_timestamp -> org.hibernate.type.BasicTypeReference@51a8313b
2024-11-22 19:22:37 DEBUG BasicTypeRegistry - Adding type registration imm_calendar -> org.hibernate.type.BasicTypeReference@2a03d65c
2024-11-22 19:22:37 DEBUG BasicTypeRegistry - Adding type registration imm_calendar_date -> org.hibernate.type.BasicTypeReference@6642dc5a
2024-11-22 19:22:37 DEBUG BasicTypeRegistry - Adding type registration imm_calendar_time -> org.hibernate.type.BasicTypeReference@43da41e
2024-11-22 19:22:37 DEBUG BasicTypeRegistry - Adding type registration imm_binary -> org.hibernate.type.BasicTypeReference@148c7c4b
2024-11-22 19:22:37 DEBUG BasicTypeRegistry - Adding type registration imm_serializable -> org.hibernate.type.BasicTypeReference@2009f9b0
2024-11-22 19:22:37 WARN  pooling - HHH10001002: Using built-in connection pool (not intended for production use)
2024-11-22 19:22:37 INFO  pooling - HHH10001005: Loaded JDBC driver class: com.filemaker.jdbc.Driver
2024-11-22 19:22:37 INFO  pooling - HHH10001012: Connecting with JDBC URL [jdbc:filemaker://192.168.0.24/Contacts?loglevel=1&LocalSSL=No]
2024-11-22 19:22:37 INFO  pooling - HHH10001001: Connection properties: {password=****, user=admin}
2024-11-22 19:22:37 INFO  pooling - HHH10001003: Autocommit mode: false
2024-11-22 19:22:37 INFO  pooling - HHH10001115: Connection pool size: 20 (min=1)
2024-11-22 19:22:37 DEBUG JdbcTypeRegistry - addDescriptor(NCharTypeDescriptor) replaced previous registration(CharTypeDescriptor)
2024-11-22 19:22:37 DEBUG JdbcTypeRegistry - addDescriptor(NVarcharTypeDescriptor) replaced previous registration(VarcharTypeDescriptor)
2024-11-22 19:22:37 DEBUG JdbcTypeRegistry - addDescriptor(LongNVarcharTypeDescriptor) replaced previous registration(LongVarcharTypeDescriptor)
2024-11-22 19:22:37 DEBUG JdbcTypeRegistry - addDescriptor(NClobTypeDescriptor(DEFAULT)) replaced previous registration(ClobTypeDescriptor(DEFAULT))
2024-11-22 19:22:37 DEBUG JdbcTypeRegistry - addDescriptor(2005, ClobTypeDescriptor(STREAM_BINDING)) replaced previous registration(ClobTypeDescriptor(DEFAULT))
2024-11-22 19:22:37 DEBUG BasicTypeRegistry - Adding type registration org.hibernate.type.DurationType -> basicType@1(java.time.Duration,3015)
2024-11-22 19:22:37 DEBUG BasicTypeRegistry - Adding type registration Duration -> basicType@1(java.time.Duration,3015)
2024-11-22 19:22:37 DEBUG BasicTypeRegistry - Adding type registration java.time.Duration -> basicType@1(java.time.Duration,3015)
2024-11-22 19:22:37 DEBUG BasicTypeRegistry - Adding type registration org.hibernate.type.OffsetDateTimeType -> basicType@2(java.time.OffsetDateTime,3003)
2024-11-22 19:22:37 DEBUG BasicTypeRegistry - Adding type registration OffsetDateTime -> basicType@2(java.time.OffsetDateTime,3003)
2024-11-22 19:22:37 DEBUG BasicTypeRegistry - Adding type registration java.time.OffsetDateTime -> basicType@2(java.time.OffsetDateTime,3003)
2024-11-22 19:22:37 DEBUG BasicTypeRegistry - Adding type registration org.hibernate.type.ZonedDateTimeType -> basicType@3(java.time.ZonedDateTime,3003)
2024-11-22 19:22:37 DEBUG BasicTypeRegistry - Adding type registration ZonedDateTime -> basicType@3(java.time.ZonedDateTime,3003)
2024-11-22 19:22:37 DEBUG BasicTypeRegistry - Adding type registration java.time.ZonedDateTime -> basicType@3(java.time.ZonedDateTime,3003)
2024-11-22 19:22:37 DEBUG BasicTypeRegistry - Adding type registration org.hibernate.type.OffsetTimeType -> basicType@4(java.time.OffsetTime,3007)
2024-11-22 19:22:37 DEBUG BasicTypeRegistry - Adding type registration OffsetTime -> basicType@4(java.time.OffsetTime,3007)
2024-11-22 19:22:37 DEBUG BasicTypeRegistry - Adding type registration java.time.OffsetTime -> basicType@4(java.time.OffsetTime,3007)
2024-11-22 19:22:37 DEBUG TypeConfiguration$Scope - Scoping TypeConfiguration [org.hibernate.type.spi.TypeConfiguration@7c72ecc] to MetadataBuildingContext [org.hibernate.boot.internal.MetadataBuildingContextRootImpl@47406941]
2024-11-22 19:22:38 TRACE AbstractPropertyMapping - Skipping duplicate registration of path [email], existing type = [basicType@6(java.lang.String,12)], incoming type = [basicType@6(java.lang.String,12)]
2024-11-22 19:22:38 TRACE AbstractPropertyMapping - Skipping duplicate registration of path [name], existing type = [basicType@6(java.lang.String,12)], incoming type = [basicType@6(java.lang.String,12)]
2024-11-22 19:22:38 TRACE AbstractPropertyMapping - Skipping duplicate registration of path [id], existing type = [basicType@5(java.lang.Long,-5)], incoming type = [basicType@5(java.lang.Long,-5)]
2024-11-22 19:22:38 DEBUG AbstractEntityPersister - Static SQL for entity: es.ntwk.filemaker.hibernate.dialect.test.Contact
2024-11-22 19:22:38 DEBUG AbstractEntityPersister -  Version select: /* get version es.ntwk.filemaker.hibernate.dialect.test.Contact */ select id from contact where id=?
2024-11-22 19:22:38 DEBUG AbstractEntityPersister -  Insert (0): /* insert for es.ntwk.filemaker.hibernate.dialect.test.Contact */insert into contact (email,name) values (?,?)
2024-11-22 19:22:38 DEBUG AbstractEntityPersister -  Update (0): /* update for es.ntwk.filemaker.hibernate.dialect.test.Contact */update contact set email=?,name=? where id=?
2024-11-22 19:22:38 DEBUG AbstractEntityPersister -  Delete (0): /* delete for es.ntwk.filemaker.hibernate.dialect.test.Contact */delete from contact where id=?
2024-11-22 19:22:38 DEBUG TypeConfiguration$Scope - Scoping TypeConfiguration [org.hibernate.type.spi.TypeConfiguration@7c72ecc] to SessionFactoryImplementor [org.hibernate.internal.SessionFactoryImpl@1ed9d173]
2024-11-22 19:22:38 TRACE TypeConfiguration$Scope - Handling #sessionFactoryCreated from [org.hibernate.internal.SessionFactoryImpl@1ed9d173] for TypeConfiguration
2024-11-22 19:22:38 INFO  HibernateUtilTest - SessionFactory created at BeforeAll
2024-11-22 19:22:38 INFO  HibernateUtilTest - Session created
2024-11-22 19:22:38 INFO  HibernateUtilTest - Running testJdbcDriverVersion...
2024-11-22 19:22:38 INFO  HibernateUtilTest - FMJDBC Driver Version: 20.1
2024-11-22 19:22:38 INFO  HibernateUtilTest - Session closed

]]></system-out>
  </testcase>
  <testcase name="testDirectCreate" classname="es.ntwk.filemaker.hibernate.dialect.test.HibernateUtilTest" time="0.066">
    <system-out><![CDATA[2024-11-22 19:22:38 INFO  HibernateUtilTest - Session created
2024-11-22 19:22:38 INFO  HibernateUtilTest - test4 - Running testDirectCreate...
2024-11-22 19:22:38 DEBUG SQL - 
    /* insert for
        es.ntwk.filemaker.hibernate.dialect.test.Contact */insert 
    into
        contact (email, name) 
    values
        (?, ?)
Hibernate: 
    /* insert for
        es.ntwk.filemaker.hibernate.dialect.test.Contact */insert 
    into
        contact (email, name) 
    values
        (?, ?)
2024-11-22 19:22:38 TRACE bind - binding parameter (1:VARCHAR) <- [smith@example.com]
2024-11-22 19:22:38 TRACE bind - binding parameter (2:VARCHAR) <- [smithww33]
2024-11-22 19:22:38 INFO  HibernateUtilTest - test4 - Error persisting contact: class com.filemaker.jdbc3.J3Statement cannot be cast to class java.sql.PreparedStatement (com.filemaker.jdbc3.J3Statement is in unnamed module of loader 'app'; java.sql.PreparedStatement is in module java.sql of loader 'platform')
2024-11-22 19:22:38 INFO  HibernateUtilTest - Session closed

]]></system-out>
  </testcase>
  <testcase name="testCreate" classname="es.ntwk.filemaker.hibernate.dialect.test.HibernateUtilTest" time="0.016">
    <error type="java.lang.NullPointerException"><![CDATA[java.lang.NullPointerException: Cannot invoke "java.lang.Long.longValue()" because "id" is null
	at es.ntwk.filemaker.hibernate.dialect.test.HibernateUtilTest.testCreate(HibernateUtilTest.java:102)
]]></error>
    <system-out><![CDATA[2024-11-22 19:22:38 INFO  HibernateUtilTest - Session created
2024-11-22 19:22:38 INFO  HibernateUtilTest - test5 - testCreate
2024-11-22 19:22:38 DEBUG SQL - 
    /* insert for
        es.ntwk.filemaker.hibernate.dialect.test.Contact */insert 
    into
        contact (email, name) 
    values
        (?, ?)
Hibernate: 
    /* insert for
        es.ntwk.filemaker.hibernate.dialect.test.Contact */insert 
    into
        contact (email, name) 
    values
        (?, ?)
2024-11-22 19:22:38 TRACE bind - binding parameter (1:VARCHAR) <- [abc@example.com]
2024-11-22 19:22:38 TRACE bind - binding parameter (2:VARCHAR) <- [abcddd]
2024-11-22 19:22:38 INFO  HibernateUtilTest - test5 - Error persisting contact: class com.filemaker.jdbc3.J3Statement cannot be cast to class java.sql.PreparedStatement (com.filemaker.jdbc3.J3Statement is in unnamed module of loader 'app'; java.sql.PreparedStatement is in module java.sql of loader 'platform')
2024-11-22 19:22:38 INFO  HibernateUtilTest - Session closed

]]></system-out>
  </testcase>
  <testcase name="testUpdate" classname="es.ntwk.filemaker.hibernate.dialect.test.HibernateUtilTest" time="0">
    <skipped message="public void es.ntwk.filemaker.hibernate.dialect.test.HibernateUtilTest.testUpdate() is @Disabled"/>
  </testcase>
  <testcase name="testGet" classname="es.ntwk.filemaker.hibernate.dialect.test.HibernateUtilTest" time="0">
    <skipped message="public void es.ntwk.filemaker.hibernate.dialect.test.HibernateUtilTest.testGet() is @Disabled"/>
  </testcase>
  <testcase name="testDelete" classname="es.ntwk.filemaker.hibernate.dialect.test.HibernateUtilTest" time="0">
    <skipped message="public void es.ntwk.filemaker.hibernate.dialect.test.HibernateUtilTest.testDelete() is @Disabled"/>
  </testcase>
  <testcase name="testNativePagedList" classname="es.ntwk.filemaker.hibernate.dialect.test.HibernateUtilTest" time="0">
    <skipped message="public void es.ntwk.filemaker.hibernate.dialect.test.HibernateUtilTest.testNativePagedList() is @Disabled"/>
  </testcase>
  <testcase name="testUnpagedList" classname="es.ntwk.filemaker.hibernate.dialect.test.HibernateUtilTest" time="0">
    <skipped message="public void es.ntwk.filemaker.hibernate.dialect.test.HibernateUtilTest.testUnpagedList() is @Disabled"/>
  </testcase>
  <testcase name="testOffsetList" classname="es.ntwk.filemaker.hibernate.dialect.test.HibernateUtilTest" time="0">
    <skipped message="public void es.ntwk.filemaker.hibernate.dialect.test.HibernateUtilTest.testOffsetList() is @Disabled"/>
  </testcase>
  <testcase name="testPagedList" classname="es.ntwk.filemaker.hibernate.dialect.test.HibernateUtilTest" time="0">
    <skipped message="public void es.ntwk.filemaker.hibernate.dialect.test.HibernateUtilTest.testPagedList() is @Disabled"/>
  </testcase>
  <testcase name="testSimplePagination" classname="es.ntwk.filemaker.hibernate.dialect.test.HibernateUtilTest" time="0">
    <skipped message="public void es.ntwk.filemaker.hibernate.dialect.test.HibernateUtilTest.testSimplePagination() is @Disabled"/>
  </testcase>
</testsuite>